<?xml version="1.0" encoding="UTF-8"?>
<testng-results ignored="0" total="3" passed="3" failed="0" skipped="0">
  <reporter-output>
  </reporter-output>
  <suite started-at="2024-05-14T04:14:51Z" name="Default suite" finished-at="2024-05-14T04:14:51Z" duration-ms="29">
    <groups>
    </groups>
    <test started-at="2024-05-14T04:14:51Z" name="Default test" finished-at="2024-05-14T04:14:51Z" duration-ms="29">
      <class name="practiceTest.Priority">
        <test-method signature="createTest()[pri:0, instance:practiceTest.Priority@30c93896]" started-at="2024-05-14T04:14:51Z" name="createTest" finished-at="2024-05-14T04:14:51Z" duration-ms="7" status="PASS">
          <reporter-output>
          </reporter-output>
        </test-method> <!-- createTest -->
        <test-method signature="modifyTest()[pri:1, instance:practiceTest.Priority@30c93896]" started-at="2024-05-14T04:14:51Z" name="modifyTest" finished-at="2024-05-14T04:14:51Z" duration-ms="1" status="PASS">
          <reporter-output>
          </reporter-output>
        </test-method> <!-- modifyTest -->
        <test-method signature="delteTest()[pri:2, instance:practiceTest.Priority@30c93896]" started-at="2024-05-14T04:14:51Z" name="delteTest" finished-at="2024-05-14T04:14:51Z" duration-ms="1" status="PASS">
          <reporter-output>
          </reporter-output>
        </test-method> <!-- delteTest -->
      </class> <!-- practiceTest.Priority -->
    </test> <!-- Default test -->
  </suite> <!-- Default suite -->
</testng-results>
