<?xml version="1.0" encoding="UTF-8"?>
<!-- Generated by org.testng.reporters.JUnitXMLReporter -->
<testsuite ignored="0" hostname="TYSS-Sanjay" failures="0" tests="3" name="Default test" time="0.029" errors="0" timestamp="14 May 2024 04:14:51 GMT">
  <testcase classname="practiceTest.Priority" name="createTest" time="0.007"/>
  <testcase classname="practiceTest.Priority" name="modifyTest" time="0.001"/>
  <testcase classname="practiceTest.Priority" name="delteTest" time="0.001"/>
</testsuite> <!-- Default test -->
